#
# A fatal error has been detected by the Java Runtime Environment:
#
#  EXCEPTION_ACCESS_VIOLATION (0xc0000005) at pc=0x000000006c933480, pid=1092, tid=5456
#
# JRE version: Java(TM) SE Runtime Environment (7.0_75-b13) (build 1.7.0_75-b13)
# Java VM: Java HotSpot(TM) 64-Bit Server VM (24.75-b04 mixed mode windows-amd64 compressed oops)
# Problematic frame:
# V  [jvm.dll+0x33480]
#
# Failed to write core dump. Minidumps are not enabled by default on client versions of Windows
#
# If you would like to submit a bug report, please visit:
#   http://bugreport.sun.com/bugreport/crash.jsp
#

---------------  T H R E A D  ---------------

Current thread (0x0000000002686000):  JavaThread "C2 CompilerThread0" daemon [_thread_in_native, id=5456, stack(0x000000000b600000,0x000000000b700000)]

siginfo: ExceptionCode=0xc0000005, reading address 0xffffffffffffffff

Registers:
RAX=0x0200000002596f70, RBX=0x0000000000000016, RCX=0x0200000002596f70, RDX=0x0000000000000001
RSP=0x000000000b6fcd98, RBP=0x0000000000000000, RSI=0x0000000000000000, RDI=0x000000000e52db18
R8 =0x0000000000000010, R9 =0x0000000000000000, R10=0x000000000e52a3f0, R11=0x0000000000000000
R12=0x0000000000000008, R13=0x000000000e52db18, R14=0x000000000c01fff0, R15=0x00000000000000ad
RIP=0x000000006c933480, EFLAGS=0x0000000000010202

Top of Stack: (sp=0x000000000b6fcd98)
0x000000000b6fcd98:   000000006cdbb78f 0000000000000a40
0x000000000b6fcda8:   000000000f5b8830 0000000000002000
0x000000000b6fcdb8:   000000006cd851f5 000000000c07f280
0x000000000b6fcdc8:   000000006cdc4760 0000000000000ad0
0x000000000b6fcdd8:   000000000e530568 0000000000002000
0x000000000b6fcde8:   000000000c01fff0 0000000000000000
0x000000000b6fcdf8:   000000006cd85dbf 000000000c081d50
0x000000000b6fce08:   0000000000000606 000000000b6fd250
0x000000000b6fce18:   000000000e530568 000000000c01fff0
0x000000000b6fce28:   0000000000000000 000000000e530568
0x000000000b6fce38:   00000000026559e8 0000000000000000
0x000000000b6fce48:   0000000000000000 000000000f5b86b0
0x000000000b6fce58:   000000006cdc48c3 0000000000000200
0x000000000b6fce68:   0000000000000000 0000000000000000
0x000000000b6fce78:   0000000000002000 000000000ba85200
0x000000000b6fce88:   000000006cdbe93a 0000000000000000 

Instructions: (pc=0x000000006c933480)
0x000000006c933460:   8b 41 18 c1 e8 02 c3 cc cc cc cc cc cc cc cc cc
0x000000006c933470:   48 3b ca 0f 94 c0 c3 cc cc cc cc cc cc cc cc cc
0x000000006c933480:   8b 41 18 c1 e8 02 6b c0 1f c3 cc cc cc cc cc cc
0x000000006c933490:   48 8d 05 59 fa 52 00 c3 cc cc cc cc cc cc cc cc 


Register to memory mapping:

RAX=0x0200000002596f70 is an unknown value
RBX=0x0000000000000016 is an unknown value
RCX=0x0200000002596f70 is an unknown value
RDX=0x0000000000000001 is an unknown value
RSP=0x000000000b6fcd98 is pointing into the stack for thread: 0x0000000002686000
RBP=0x0000000000000000 is an unknown value
RSI=0x0000000000000000 is an unknown value
RDI=0x000000000e52db18 is an unknown value
R8 =0x0000000000000010 is an unknown value
R9 =0x0000000000000000 is an unknown value
R10=0x000000000e52a3f0 is an unknown value
R11=0x0000000000000000 is an unknown value
R12=0x0000000000000008 is an unknown value
R13=0x000000000e52db18 is an unknown value
R14=0x000000000c01fff0 is an unknown value
R15=0x00000000000000ad is an unknown value


Stack: [0x000000000b600000,0x000000000b700000],  sp=0x000000000b6fcd98,  free space=1011k
Native frames: (J=compiled Java code, j=interpreted, Vv=VM code, C=native code)
V  [jvm.dll+0x33480]

[error occurred during error reporting (printing native stack), id 0xc0000005]


Current CompileTask:
C2:  43567 1686             java.lang.String::split (326 bytes)


---------------  P R O C E S S  ---------------

Java Threads: ( => current thread )
  0x000000000f9d9800 JavaThread "Stdin handler" [_thread_blocked, id=4180, stack(0x000000000de50000,0x000000000df50000)]
  0x000000000ea8f800 JavaThread "Cancel handler" [_thread_blocked, id=6048, stack(0x000000000dc50000,0x000000000dd50000)]
  0x000000000ce34800 JavaThread "Handler for socket connection from /127.0.0.1:50264 to /127.0.0.1:50324" [_thread_in_native, id=1768, stack(0x000000000db50000,0x000000000dc50000)]
  0x000000000c861000 JavaThread "File lock request listener" [_thread_in_native, id=5276, stack(0x000000000df50000,0x000000000e050000)]
  0x000000000c07e800 JavaThread "Daemon worker" [_thread_in_Java, id=7488, stack(0x000000000dd50000,0x000000000de50000)]
  0x000000000c1f3800 JavaThread "Daemon" [_thread_blocked, id=7496, stack(0x000000000da50000,0x000000000db50000)]
  0x000000000c60e800 JavaThread "Incoming local TCP Connector on port 50264" [_thread_in_native, id=1984, stack(0x000000000d8f0000,0x000000000d9f0000)]
  0x000000000268a800 JavaThread "Service Thread" daemon [_thread_blocked, id=736, stack(0x000000000b800000,0x000000000b900000)]
  0x0000000002688000 JavaThread "C2 CompilerThread1" daemon [_thread_blocked, id=5072, stack(0x000000000b700000,0x000000000b800000)]
=>0x0000000002686000 JavaThread "C2 CompilerThread0" daemon [_thread_in_native, id=5456, stack(0x000000000b600000,0x000000000b700000)]
  0x0000000002685800 JavaThread "Attach Listener" daemon [_thread_blocked, id=3996, stack(0x000000000b500000,0x000000000b600000)]
  0x000000000b021000 JavaThread "Signal Dispatcher" daemon [_thread_blocked, id=5540, stack(0x000000000b400000,0x000000000b500000)]
  0x0000000009030000 JavaThread "Finalizer" daemon [_thread_blocked, id=5932, stack(0x000000000af00000,0x000000000b000000)]
  0x0000000009029000 JavaThread "Reference Handler" daemon [_thread_blocked, id=1928, stack(0x000000000ae00000,0x000000000af00000)]
  0x0000000000cfe000 JavaThread "main" [_thread_blocked, id=5388, stack(0x0000000002490000,0x0000000002590000)]

Other Threads:
  0x0000000009025800 VMThread [stack: 0x000000000ad00000,0x000000000ae00000] [id=1592]
  0x000000000b035000 WatcherThread [stack: 0x000000000b900000,0x000000000ba00000] [id=7204]

VM state:not at safepoint (normal execution)

VM Mutex/Monitor currently owned by a thread: None

Heap
 PSYoungGen      total 285696K, used 202016K [0x00000000eaa80000, 0x0000000100000000, 0x0000000100000000)
  eden space 246272K, 66% used [0x00000000eaa80000,0x00000000f494a670,0x00000000f9b00000)
  from space 39424K, 99% used [0x00000000fd980000,0x00000000ffffdc20,0x0000000100000000)
  to   space 51712K, 0% used [0x00000000f9b00000,0x00000000f9b00000,0x00000000fcd80000)
 ParOldGen       total 173568K, used 58590K [0x00000000c0000000, 0x00000000ca980000, 0x00000000eaa80000)
  object space 173568K, 33% used [0x00000000c0000000,0x00000000c3937b28,0x00000000ca980000)
 PSPermGen       total 80384K, used 72698K [0x00000000b0000000, 0x00000000b4e80000, 0x00000000c0000000)
  object space 80384K, 90% used [0x00000000b0000000,0x00000000b46feb20,0x00000000b4e80000)

Card table byte_map: [0x0000000005750000,0x00000000059e0000] byte_map_base: 0x00000000051d0000

Polling page: 0x0000000000cb0000

Code Cache  [0x0000000002690000, 0x0000000002cd0000, 0x0000000005690000)
 total_blobs=2190 nmethods=1565 adapters=576 free_code_cache=42988Kb largest_free_block=43814720

Compilation events (10 events):
Event: 43.521 Thread 0x0000000002686000 nmethod 1680 0x0000000002b9df50 code [0x0000000002b9e080, 0x0000000002b9e118]
Event: 43.524 Thread 0x0000000002688000 1681             java.util.ArrayList$SubList$1::next (79 bytes)
Event: 43.524 Thread 0x0000000002686000 1682             java.util.ArrayList$SubList$1::checkForComodification (26 bytes)
Event: 43.524 Thread 0x0000000002686000 nmethod 1682 0x0000000002b9dcd0 code [0x0000000002b9de00, 0x0000000002b9de98]
Event: 43.525 Thread 0x0000000002688000 nmethod 1681 0x0000000002b9d910 code [0x0000000002b9da60, 0x0000000002b9db58]
Event: 43.540 Thread 0x0000000002686000 1684             java.util.zip.ZipInputStream::ensureOpen (18 bytes)
Event: 43.540 Thread 0x0000000002686000 nmethod 1684 0x000000000297cc10 code [0x000000000297cd40, 0x000000000297cd98]
Event: 43.542 Thread 0x0000000002688000 1685             java.util.ArrayList$SubList::checkForComodification (23 bytes)
Event: 43.542 Thread 0x0000000002688000 nmethod 1685 0x000000000297c9d0 code [0x000000000297cb00, 0x000000000297cb78]
Event: 43.550 Thread 0x0000000002686000 1686             java.lang.String::split (326 bytes)

GC Heap History (10 events):
Event: 4.979 GC heap before
{Heap before GC invocations=7 (full 0):
 PSYoungGen      total 278528K, used 69449K [0x00000000eaa80000, 0x00000000fe480000, 0x0000000100000000)
  eden space 255488K, 18% used [0x00000000eaa80000,0x00000000ed7d4590,0x00000000fa400000)
  from space 23040K, 99% used [0x00000000fc100000,0x00000000fd77e228,0x00000000fd780000)
  to   space 29696K, 0% used [0x00000000fa400000,0x00000000fa400000,0x00000000fc100000)
 ParOldGen       total 173568K, used 18632K [0x00000000c0000000, 0x00000000ca980000, 0x00000000eaa80000)
  object space 173568K, 10% used [0x00000000c0000000,0x00000000c1232210,0x00000000ca980000)
 PSPermGen       total 40448K, used 40036K [0x00000000b0000000, 0x00000000b2780000, 0x00000000c0000000)
  object space 40448K, 98% used [0x00000000b0000000,0x00000000b27192c8,0x00000000b2780000)
Event: 5.002 GC heap after
Heap after GC invocations=7 (full 0):
 PSYoungGen      total 285184K, used 23519K [0x00000000eaa80000, 0x00000000fe880000, 0x0000000100000000)
  eden space 255488K, 0% used [0x00000000eaa80000,0x00000000eaa80000,0x00000000fa400000)
  from space 29696K, 79% used [0x00000000fa400000,0x00000000fbaf7e90,0x00000000fc100000)
  to   space 31744K, 0% used [0x00000000fc980000,0x00000000fc980000,0x00000000fe880000)
 ParOldGen       total 173568K, used 22754K [0x00000000c0000000, 0x00000000ca980000, 0x00000000eaa80000)
  object space 173568K, 13% used [0x00000000c0000000,0x00000000c1638890,0x00000000ca980000)
 PSPermGen       total 40448K, used 40036K [0x00000000b0000000, 0x00000000b2780000, 0x00000000c0000000)
  object space 40448K, 98% used [0x00000000b0000000,0x00000000b27192c8,0x00000000b2780000)
}
Event: 5.002 GC heap before
{Heap before GC invocations=8 (full 1):
 PSYoungGen      total 285184K, used 23519K [0x00000000eaa80000, 0x00000000fe880000, 0x0000000100000000)
  eden space 255488K, 0% used [0x00000000eaa80000,0x00000000eaa80000,0x00000000fa400000)
  from space 29696K, 79% used [0x00000000fa400000,0x00000000fbaf7e90,0x00000000fc100000)
  to   space 31744K, 0% used [0x00000000fc980000,0x00000000fc980000,0x00000000fe880000)
 ParOldGen       total 173568K, used 22754K [0x00000000c0000000, 0x00000000ca980000, 0x00000000eaa80000)
  object space 173568K, 13% used [0x00000000c0000000,0x00000000c1638890,0x00000000ca980000)
 PSPermGen       total 40448K, used 40036K [0x00000000b0000000, 0x00000000b2780000, 0x00000000c0000000)
  object space 40448K, 98% used [0x00000000b0000000,0x00000000b27192c8,0x00000000b2780000)
Event: 5.210 GC heap after
Heap after GC invocations=8 (full 1):
 PSYoungGen      total 285184K, used 0K [0x00000000eaa80000, 0x00000000fe880000, 0x0000000100000000)
  eden space 255488K, 0% used [0x00000000eaa80000,0x00000000eaa80000,0x00000000fa400000)
  from space 29696K, 0% used [0x00000000fa400000,0x00000000fa400000,0x00000000fc100000)
  to   space 31744K, 0% used [0x00000000fc980000,0x00000000fc980000,0x00000000fe880000)
 ParOldGen       total 173568K, used 33991K [0x00000000c0000000, 0x00000000ca980000, 0x00000000eaa80000)
  object space 173568K, 19% used [0x00000000c0000000,0x00000000c2131f18,0x00000000ca980000)
 PSPermGen       total 80384K, used 39983K [0x00000000b0000000, 0x00000000b4e80000, 0x00000000c0000000)
  object space 80384K, 49% used [0x00000000b0000000,0x00000000b270bc60,0x00000000b4e80000)
}
Event: 29.880 GC heap before
{Heap before GC invocations=9 (full 1):
 PSYoungGen      total 285184K, used 255488K [0x00000000eaa80000, 0x00000000fe880000, 0x0000000100000000)
  eden space 255488K, 100% used [0x00000000eaa80000,0x00000000fa400000,0x00000000fa400000)
  from space 29696K, 0% used [0x00000000fa400000,0x00000000fa400000,0x00000000fc100000)
  to   space 31744K, 0% used [0x00000000fc980000,0x00000000fc980000,0x00000000fe880000)
 ParOldGen       total 173568K, used 33991K [0x00000000c0000000, 0x00000000ca980000, 0x00000000eaa80000)
  object space 173568K, 19% used [0x00000000c0000000,0x00000000c2131f18,0x00000000ca980000)
 PSPermGen       total 80384K, used 47461K [0x00000000b0000000, 0x00000000b4e80000, 0x00000000c0000000)
  object space 80384K, 59% used [0x00000000b0000000,0x00000000b2e594b8,0x00000000b4e80000)
Event: 29.894 GC heap after
Heap after GC invocations=9 (full 1):
 PSYoungGen      total 293376K, used 21271K [0x00000000eaa80000, 0x0000000100000000, 0x0000000100000000)
  eden space 261632K, 0% used [0x00000000eaa80000,0x00000000eaa80000,0x00000000faa00000)
  from space 31744K, 67% used [0x00000000fc980000,0x00000000fde45e90,0x00000000fe880000)
  to   space 32256K, 0% used [0x00000000faa00000,0x00000000faa00000,0x00000000fc980000)
 ParOldGen       total 173568K, used 33999K [0x00000000c0000000, 0x00000000ca980000, 0x00000000eaa80000)
  object space 173568K, 19% used [0x00000000c0000000,0x00000000c2133f18,0x00000000ca980000)
 PSPermGen       total 80384K, used 47461K [0x00000000b0000000, 0x00000000b4e80000, 0x00000000c0000000)
  object space 80384K, 59% used [0x00000000b0000000,0x00000000b2e594b8,0x00000000b4e80000)
}
Event: 31.752 GC heap before
{Heap before GC invocations=10 (full 1):
 PSYoungGen      total 293376K, used 282903K [0x00000000eaa80000, 0x0000000100000000, 0x0000000100000000)
  eden space 261632K, 100% used [0x00000000eaa80000,0x00000000faa00000,0x00000000faa00000)
  from space 31744K, 67% used [0x00000000fc980000,0x00000000fde45e90,0x00000000fe880000)
  to   space 32256K, 0% used [0x00000000faa00000,0x00000000faa00000,0x00000000fc980000)
 ParOldGen       total 173568K, used 33999K [0x00000000c0000000, 0x00000000ca980000, 0x00000000eaa80000)
  object space 173568K, 19% used [0x00000000c0000000,0x00000000c2133f18,0x00000000ca980000)
 PSPermGen       total 80384K, used 54579K [0x00000000b0000000, 0x00000000b4e80000, 0x00000000c0000000)
  object space 80384K, 67% used [0x00000000b0000000,0x00000000b354ce50,0x00000000b4e80000)
Event: 31.785 GC heap after
Heap after GC invocations=10 (full 1):
 PSYoungGen      total 293888K, used 32245K [0x00000000eaa80000, 0x0000000100000000, 0x0000000100000000)
  eden space 261632K, 0% used [0x00000000eaa80000,0x00000000eaa80000,0x00000000faa00000)
  from space 32256K, 99% used [0x00000000faa00000,0x00000000fc97d690,0x00000000fc980000)
  to   space 39424K, 0% used [0x00000000fd980000,0x00000000fd980000,0x0000000100000000)
 ParOldGen       total 173568K, used 39981K [0x00000000c0000000, 0x00000000ca980000, 0x00000000eaa80000)
  object space 173568K, 23% used [0x00000000c0000000,0x00000000c270b790,0x00000000ca980000)
 PSPermGen       total 80384K, used 54579K [0x00000000b0000000, 0x00000000b4e80000, 0x00000000c0000000)
  object space 80384K, 67% used [0x00000000b0000000,0x00000000b354ce50,0x00000000b4e80000)
}
Event: 38.790 GC heap before
{Heap before GC invocations=11 (full 1):
 PSYoungGen      total 293888K, used 293877K [0x00000000eaa80000, 0x0000000100000000, 0x0000000100000000)
  eden space 261632K, 100% used [0x00000000eaa80000,0x00000000faa00000,0x00000000faa00000)
  from space 32256K, 99% used [0x00000000faa00000,0x00000000fc97d690,0x00000000fc980000)
  to   space 39424K, 0% used [0x00000000fd980000,0x00000000fd980000,0x0000000100000000)
 ParOldGen       total 173568K, used 39981K [0x00000000c0000000, 0x00000000ca980000, 0x00000000eaa80000)
  object space 173568K, 23% used [0x00000000c0000000,0x00000000c270b790,0x00000000ca980000)
 PSPermGen       total 80384K, used 64538K [0x00000000b0000000, 0x00000000b4e80000, 0x00000000c0000000)
  object space 80384K, 80% used [0x00000000b0000000,0x00000000b3f06b98,0x00000000b4e80000)
Event: 38.819 GC heap after
Heap after GC invocations=11 (full 1):
 PSYoungGen      total 285696K, used 39415K [0x00000000eaa80000, 0x0000000100000000, 0x0000000100000000)
  eden space 246272K, 0% used [0x00000000eaa80000,0x00000000eaa80000,0x00000000f9b00000)
  from space 39424K, 99% used [0x00000000fd980000,0x00000000ffffdc20,0x0000000100000000)
  to   space 51712K, 0% used [0x00000000f9b00000,0x00000000f9b00000,0x00000000fcd80000)
 ParOldGen       total 173568K, used 58590K [0x00000000c0000000, 0x00000000ca980000, 0x00000000eaa80000)
  object space 173568K, 33% used [0x00000000c0000000,0x00000000c3937b28,0x00000000ca980000)
 PSPermGen       total 80384K, used 64538K [0x00000000b0000000, 0x00000000b4e80000, 0x00000000c0000000)
  object space 80384K, 80% used [0x00000000b0000000,0x00000000b3f06b98,0x00000000b4e80000)
}

Deoptimization events (10 events):
Event: 42.728 Thread 0x000000000c07e800 Uncommon trap: reason=unreached action=reinterpret pc=0x0000000002c35d88 method=java.util.jar.JarFile.getInputStream(Ljava/util/zip/ZipEntry;)Ljava/io/InputStream; @ 37
Event: 42.743 Thread 0x000000000c07e800 Uncommon trap: reason=unreached action=reinterpret pc=0x0000000002a51cdc method=java.security.CodeSource.getCertificates()[Ljava/security/cert/Certificate; @ 22
Event: 42.767 Thread 0x000000000c07e800 Uncommon trap: reason=class_check action=maybe_recompile pc=0x000000000289fa90 method=java.util.zip.InflaterInputStream.read([BII)I @ 100
Event: 42.767 Thread 0x000000000c07e800 Uncommon trap: reason=class_check action=maybe_recompile pc=0x000000000289fa90 method=java.util.zip.InflaterInputStream.read([BII)I @ 100
Event: 42.769 Thread 0x000000000c07e800 Uncommon trap: reason=class_check action=maybe_recompile pc=0x0000000002a7892c method=java.lang.StringCoding$StringDecoder.decode([BII)[C @ 30
Event: 42.769 Thread 0x000000000c07e800 Uncommon trap: reason=class_check action=maybe_recompile pc=0x000000000289fa90 method=java.util.zip.InflaterInputStream.read([BII)I @ 100
Event: 42.769 Thread 0x000000000c07e800 Uncommon trap: reason=class_check action=maybe_recompile pc=0x0000000002a7892c method=java.lang.StringCoding$StringDecoder.decode([BII)[C @ 30
Event: 42.769 Thread 0x000000000c07e800 Uncommon trap: reason=class_check action=maybe_recompile pc=0x000000000289fa90 method=java.util.zip.InflaterInputStream.read([BII)I @ 100
Event: 42.769 Thread 0x000000000c07e800 Uncommon trap: reason=class_check action=maybe_recompile pc=0x0000000002a7892c method=java.lang.StringCoding$StringDecoder.decode([BII)[C @ 30
Event: 42.769 Thread 0x000000000c07e800 Uncommon trap: reason=class_check action=maybe_recompile pc=0x0000000002a6d340 method=java.lang.StringCoding$StringDecoder.decode([BII)[C @ 30

Internal exceptions (10 events):
Event: 43.450 Thread 0x000000000c07e800 Threw 0x00000000f43469b0 at C:\re\jdk7u75\1940\hotspot\src\share\vm\prims\jvm.cpp:1281
Event: 43.451 Thread 0x000000000c07e800 Threw 0x00000000f434d8e0 at C:\re\jdk7u75\1940\hotspot\src\share\vm\prims\jvm.cpp:1281
Event: 43.451 Thread 0x000000000c07e800 Threw 0x00000000f4354b70 at C:\re\jdk7u75\1940\hotspot\src\share\vm\prims\jvm.cpp:1281
Event: 43.452 Thread 0x000000000c07e800 Threw 0x00000000f435a570 at C:\re\jdk7u75\1940\hotspot\src\share\vm\prims\jvm.cpp:1281
Event: 43.452 Thread 0x000000000c07e800 Threw 0x00000000f4361a98 at C:\re\jdk7u75\1940\hotspot\src\share\vm\prims\jvm.cpp:1281
Event: 43.452 Thread 0x000000000c07e800 Threw 0x00000000f43698e8 at C:\re\jdk7u75\1940\hotspot\src\share\vm\prims\jvm.cpp:1281
Event: 43.453 Thread 0x000000000c07e800 Threw 0x00000000f4370550 at C:\re\jdk7u75\1940\hotspot\src\share\vm\prims\jvm.cpp:1281
Event: 43.453 Thread 0x000000000c07e800 Threw 0x00000000f43763b8 at C:\re\jdk7u75\1940\hotspot\src\share\vm\prims\jvm.cpp:1281
Event: 43.453 Thread 0x000000000c07e800 Threw 0x00000000f437c1c8 at C:\re\jdk7u75\1940\hotspot\src\share\vm\prims\jvm.cpp:1281
Event: 43.502 Thread 0x000000000c07e800 Threw 0x00000000f4383960 at C:\re\jdk7u75\1940\hotspot\src\share\vm\prims\jvm.cpp:1281

Events (10 events):
Event: 43.452 loading class 0x000000000cf228f0
Event: 43.452 loading class 0x000000000cf228f0 done
Event: 43.453 loading class 0x000000000bec38d0
Event: 43.453 loading class 0x000000000bec38d0 done
Event: 43.453 loading class 0x000000000cf22fb0
Event: 43.453 loading class 0x000000000cf22fb0 done
Event: 43.453 loading class 0x000000000fd629d0
Event: 43.453 loading class 0x000000000fd629d0 done
Event: 43.502 loading class 0x000000000d1d5840
Event: 43.502 loading class 0x000000000d1d5840 done


Dynamic libraries:
0x00007ff795fc0000 - 0x00007ff795ff3000 	C:\Program Files\Java\jdk1.7.0_75\bin\java.exe
0x00007ffa318b0000 - 0x00007ffa31a56000 	C:\Windows\SYSTEM32\ntdll.dll
0x00007ffa31520000 - 0x00007ffa3165a000 	C:\Windows\system32\KERNEL32.DLL
0x00007ffa2ecf0000 - 0x00007ffa2edff000 	C:\Windows\system32\KERNELBASE.dll
0x00007ffa2d3e0000 - 0x00007ffa2d468000 	C:\Windows\system32\apphelp.dll
0x00007ffa24820000 - 0x00007ffa2486f000 	C:\Windows\AppPatch\AppPatch64\AcGenral.DLL
0x00007ffa2f190000 - 0x00007ffa2f237000 	C:\Windows\system32\msvcrt.dll
0x00007ffa2ea60000 - 0x00007ffa2ea8b000 	C:\Windows\SYSTEM32\SspiCli.dll
0x00007ffa31850000 - 0x00007ffa318a1000 	C:\Windows\system32\SHLWAPI.dll
0x00007ffa30d90000 - 0x00007ffa30f01000 	C:\Windows\system32\USER32.dll
0x00007ffa30bd0000 - 0x00007ffa30d48000 	C:\Windows\system32\ole32.dll
0x00007ffa2f7c0000 - 0x00007ffa30bcf000 	C:\Windows\system32\SHELL32.dll
0x00007ffa2de50000 - 0x00007ffa2de6e000 	C:\Windows\SYSTEM32\USERENV.dll
0x00007ffa2f520000 - 0x00007ffa2f5c5000 	C:\Windows\system32\ADVAPI32.dll
0x00007ffa2e6e0000 - 0x00007ffa2e6fb000 	C:\Windows\SYSTEM32\MPR.dll
0x00007ffa30f10000 - 0x00007ffa31047000 	C:\Windows\system32\RPCRT4.dll
0x00007ffa2f240000 - 0x00007ffa2f297000 	C:\Windows\SYSTEM32\sechost.dll
0x00007ffa2f330000 - 0x00007ffa2f506000 	C:\Windows\SYSTEM32\combase.dll
0x00007ffa2f5d0000 - 0x00007ffa2f714000 	C:\Windows\system32\GDI32.dll
0x00007ffa2ec20000 - 0x00007ffa2ec34000 	C:\Windows\SYSTEM32\profapi.dll
0x00007ffa2e2f0000 - 0x00007ffa2e38f000 	C:\Windows\SYSTEM32\SHCORE.dll
0x00007ffa30d50000 - 0x00007ffa30d84000 	C:\Windows\system32\IMM32.DLL
0x00007ffa31710000 - 0x00007ffa31849000 	C:\Windows\system32\MSCTF.dll
0x00007ffa2e700000 - 0x00007ffa2e95a000 	C:\Windows\WinSxS\amd64_microsoft.windows.common-controls_6595b64144ccf1df_6.0.9600.17031_none_6242a4b3ecbb55a1\COMCTL32.dll
0x000000006c450000 - 0x000000006c522000 	C:\Program Files\Java\jdk1.7.0_75\jre\bin\msvcr100.dll
0x000000006c900000 - 0x000000006d0d4000 	C:\Program Files\Java\jdk1.7.0_75\jre\bin\server\jvm.dll
0x00007ffa15250000 - 0x00007ffa15259000 	C:\Windows\SYSTEM32\WSOCK32.dll
0x00007ffa2c520000 - 0x00007ffa2c53f000 	C:\Windows\SYSTEM32\WINMM.dll
0x00007ffa2f510000 - 0x00007ffa2f517000 	C:\Windows\system32\PSAPI.DLL
0x00007ffa314b0000 - 0x00007ffa31508000 	C:\Windows\system32\WS2_32.dll
0x00007ffa2c220000 - 0x00007ffa2c24a000 	C:\Windows\SYSTEM32\WINMMBASE.dll
0x00007ffa31510000 - 0x00007ffa31519000 	C:\Windows\system32\NSI.dll
0x00007ffa2f0e0000 - 0x00007ffa2f12a000 	C:\Windows\SYSTEM32\cfgmgr32.dll
0x00007ffa2d640000 - 0x00007ffa2d666000 	C:\Windows\SYSTEM32\DEVOBJ.dll
0x000000006c8f0000 - 0x000000006c8ff000 	C:\Program Files\Java\jdk1.7.0_75\jre\bin\verify.dll
0x000000006c8c0000 - 0x000000006c8e8000 	C:\Program Files\Java\jdk1.7.0_75\jre\bin\java.dll
0x000000006c8a0000 - 0x000000006c8b5000 	C:\Program Files\Java\jdk1.7.0_75\jre\bin\zip.dll
0x000000006c880000 - 0x000000006c899000 	C:\Program Files\Java\jdk1.7.0_75\jre\bin\net.dll
0x00007ffa2e0a0000 - 0x00007ffa2e0f8000 	C:\Windows\system32\mswsock.dll
0x000000006c860000 - 0x000000006c871000 	C:\Program Files\Java\jdk1.7.0_75\jre\bin\nio.dll
0x00007ffa2e100000 - 0x00007ffa2e11e000 	C:\Windows\SYSTEM32\CRYPTSP.dll
0x00007ffa2dd40000 - 0x00007ffa2dd75000 	C:\Windows\system32\rsaenh.dll
0x00007ffa2e400000 - 0x00007ffa2e426000 	C:\Windows\SYSTEM32\bcrypt.dll
0x00007ffa2ea90000 - 0x00007ffa2eaf0000 	C:\Windows\system32\bcryptprimitives.dll
0x00007ffa2eaf0000 - 0x00007ffa2eafa000 	C:\Windows\SYSTEM32\CRYPTBASE.dll
0x00007ffa2ea10000 - 0x00007ffa2ea39000 	C:\Windows\SYSTEM32\IPHLPAPI.DLL
0x00007ffa2ea00000 - 0x00007ffa2ea0a000 	C:\Windows\SYSTEM32\WINNSI.DLL
0x00007ffa28ca0000 - 0x00007ffa28cb4000 	C:\Windows\SYSTEM32\dhcpcsvc6.DLL
0x00007ffa28cc0000 - 0x00007ffa28cd9000 	C:\Windows\SYSTEM32\dhcpcsvc.DLL
0x00007ffa24800000 - 0x00007ffa24812000 	C:\Users\usuario\AppData\Local\Temp\native-platform7883281299542943337dir\native-platform.dll
0x00007ffa2a930000 - 0x00007ffa2aab8000 	C:\Windows\SYSTEM32\dbghelp.dll

VM Arguments:
jvm_args: -XX:MaxPermSize=256m -XX:+HeapDumpOnOutOfMemoryError -Xmx1024m -Dfile.encoding=windows-1252 -Duser.country=ES -Duser.language=es -Duser.variant 
java_command: org.gradle.launcher.daemon.bootstrap.GradleDaemon 2.2.1 C:\Users\usuario\.gradle\daemon 10800000 243afeba-31ab-470d-a671-e18149f6ebf8 -XX:MaxPermSize=256m -XX:+HeapDumpOnOutOfMemoryError -Xmx1024m -Dfile.encoding=windows-1252 -Duser.country=ES -Duser.language=es -Duser.variant
Launcher Type: SUN_STANDARD

Environment Variables:
PATH=C:\WinAVR\bin;C:\WinAVR\utils\bin;C:\Program Files (x86)\NVIDIA Corporation\PhysX\Common;E:\Program Files\Microsoft MPI\Bin\;E:\Python27\Lib\site-packages\PyQt4;C:\Program Files (x86)\Intel\iCLS Client\;C:\Program Files\Intel\iCLS Client\;C:\Windows\system32;C:\Windows;C:\Windows\System32\Wbem;C:\Windows\System32\WindowsPowerShell\v1.0\;e:\Program Files\MiKTeX 2.9\miktex\bin\x64\;C:\Program Files\Intel\Intel(R) Management Engine Components\DAL;C:\Program Files\Intel\Intel(R) Management Engine Components\IPT;C:\Program Files (x86)\Intel\Intel(R) Management Engine Components\DAL;C:\Program Files (x86)\Intel\Intel(R) Management Engine Components\IPT;C:\Program Files (x86)\Microsoft SQL Server\100\Tools\Binn\;C:\Program Files\Microsoft SQL Server\100\Tools\Binn\;C:\Program Files\Microsoft SQL Server\100\DTS\Binn\;E:\Program Files\MySQL\MySQL Utilities 1.3.6\;C:\Program Files (x86)\Windows Kits\8.1\Windows Performance Toolkit\;C:\Program Files\Microsoft SQL Server\110\Tools\Binn\;C:\Program Files (x86)\OpenVPN\bin;E:\Python27;E:\Python27\Scripts;E:\Program Files\MySQL\MySQL Server 5.6\bin;E:\MinGW\bin;E:\Python27\Lib\site-packages\PyQt4;E:\Program Files\MPICH2\bin;e:\4ti2\bin;E:\Program Files (x86)\Notepad++;E:\Downloads-usuario\Normaliz2.12;E:\Downloads-usuario\4ti2_v1.3.1_win32_x86\win32;C:\Program Files\Java\jdk1.7.0_75\bin
USERNAME=usuario
OS=Windows_NT
PROCESSOR_IDENTIFIER=Intel64 Family 6 Model 60 Stepping 3, GenuineIntel



---------------  S Y S T E M  ---------------

OS: Windows 8.1 , 64 bit Build 9600 

CPU:total 8 (4 cores per cpu, 2 threads per core) family 6 model 60 stepping 3, cmov, cx8, fxsr, mmx, sse, sse2, sse3, ssse3, sse4.1, sse4.2, popcnt, avx, avx2, aes, erms, ht, tsc, tscinvbit

Memory: 4k page, physical 16661624k(12472888k free), swap 33438840k(27049424k free)

vm_info: Java HotSpot(TM) 64-Bit Server VM (24.75-b04) for windows-amd64 JRE (1.7.0_75-b13), built on Dec 18 2014 17:15:01 by "java_re" with unknown MS VC++:1600

time: Wed Feb 04 07:09:10 2015
elapsed time: 43 seconds

